<?xml version="1.0" encoding="UTF-8"?>
<!-- Generated by org.testng.reporters.JUnitReportReporter -->
<testsuite hostname="DESKTOP-UFRQ0RQ" failures="0" tests="1" name="testPackge.TestNG" time="0.020" errors="0" timestamp="2022-09-05T11:14:40 IST" skipped="0">
  <testcase classname="testPackge.TestNG" name="Test" time="0.020"/>
  <system-out/>
</testsuite> <!-- testPackge.TestNG -->
