<?xml version="1.0" encoding="UTF-8"?>
<!-- Generated by org.testng.reporters.JUnitReportReporter -->
<testsuite hostname="DESKTOP-UFRQ0RQ" failures="0" tests="3" name="TestClass.TestNG1" time="0.031" errors="0" timestamp="2022-09-13T17:55:29 IST" skipped="0">
  <testcase classname="TestClass.TestNG1" name="testB" time="0.011"/>
  <system-out/>
  <testcase classname="TestClass.TestNG1" name="testC" time="0.008"/>
  <system-out/>
  <testcase classname="TestClass.TestNG1" name="testA" time="0.012"/>
  <system-out/>
</testsuite> <!-- TestClass.TestNG1 -->
