<?xml version="1.0" encoding="UTF-8"?>
<!-- Generated by org.testng.reporters.JUnitReportReporter -->
<testsuite hostname="DESKTOP-UFRQ0RQ" failures="0" tests="6" name="TestClass.TestNG" time="0.074" errors="0" timestamp="2022-09-07T18:37:43 IST" skipped="0">
  <testcase classname="TestClass.TestNG" name="testC" time="0.009"/>
  <system-out/>
  <testcase classname="TestClass.TestNG" name="testC" time="0.010"/>
  <system-out/>
  <testcase classname="TestClass.TestNG" name="testA" time="0.006"/>
  <system-out/>
  <testcase classname="TestClass.TestNG" name="testB" time="0.011"/>
  <system-out/>
  <testcase classname="TestClass.TestNG" name="testA" time="0.021"/>
  <system-out/>
  <testcase classname="TestClass.TestNG" name="testB" time="0.017"/>
  <system-out/>
</testsuite> <!-- TestClass.TestNG -->
